{
  "stats": {
    "suites": 3,
    "tests": 10,
    "passes": 10,
    "pending": 0,
    "failures": 0,
    "start": "2019-11-22T16:52:42.403Z",
    "end": "2019-11-22T16:52:42.587Z",
    "duration": 184,
    "testsRegistered": 10,
    "passPercent": 100,
    "pendingPercent": 0,
    "other": 0,
    "hasOther": false,
    "skipped": 0,
    "hasSkipped": false
  },
  "results": [
    {
      "uuid": "78dfc097-66eb-4cdd-9a35-2cd03e45120b",
      "title": "",
      "fullFile": "",
      "file": "",
      "beforeHooks": [],
      "afterHooks": [],
      "tests": [],
      "suites": [
        {
          "uuid": "c57c4420-ae19-4c82-9250-3f29ef2cab04",
          "title": "Start of the program",
          "fullFile": "/home/julia/vscode/Final-Assignment-Software-Testing/test.js",
          "file": "/test.js",
          "beforeHooks": [
            {
              "title": "\"before each\" hook",
              "fullTitle": "Start of the program \"before each\" hook",
              "timedOut": false,
              "duration": 0,
              "state": null,
              "speed": null,
              "pass": false,
              "fail": false,
              "pending": false,
              "context": null,
              "code": "question = new Question();\nlet rl = question.createReadlineInterface();",
              "err": {},
              "uuid": "9e571de0-c356-4db5-9dfa-f35a11de6624",
              "parentUUID": "c57c4420-ae19-4c82-9250-3f29ef2cab04",
              "isHook": true,
              "skipped": false
            }
          ],
          "afterHooks": [
            {
              "title": "\"after each\" hook",
              "fullTitle": "Start of the program \"after each\" hook",
              "timedOut": false,
              "duration": 0,
              "state": null,
              "speed": null,
              "pass": false,
              "fail": false,
              "pending": false,
              "context": null,
              "code": "rl.close();",
              "err": {},
              "uuid": "cd22df3a-2f2f-4fcf-af1f-a5ecd7ee50d2",
              "parentUUID": "c57c4420-ae19-4c82-9250-3f29ef2cab04",
              "isHook": true,
              "skipped": false
            }
          ],
          "tests": [],
          "suites": [
            {
              "uuid": "04645f76-752a-4414-b1fe-d259a63d1d45",
              "title": "Testing first question",
              "fullFile": "/home/julia/vscode/Final-Assignment-Software-Testing/test.js",
              "file": "/test.js",
              "beforeHooks": [],
              "afterHooks": [],
              "tests": [
                {
                  "title": "Give \"a\" as answer to first question and check if array is called.",
                  "fullTitle": "Start of the program Testing first question Give \"a\" as answer to first question and check if array is called.",
                  "timedOut": false,
                  "duration": 72,
                  "state": "passed",
                  "speed": "medium",
                  "pass": true,
                  "fail": false,
                  "pending": false,
                  "context": null,
                  "code": "sinon.spy(question, 'displayArray');\n// Simulate user prompts using lower-case a.\nquestion.promptUser();\nrl.write('a'+ENTER);\nexpect((question.displayArray)\n    .calledWith(colorArray)).to.be.ok;",
                  "err": {},
                  "uuid": "e8e24930-64ae-409f-817c-9cabc1b623db",
                  "parentUUID": "04645f76-752a-4414-b1fe-d259a63d1d45",
                  "isHook": false,
                  "skipped": false
                },
                {
                  "title": "Give \"a\" as answer to first question and check if colorQuestion is called",
                  "fullTitle": "Start of the program Testing first question Give \"a\" as answer to first question and check if colorQuestion is called",
                  "timedOut": false,
                  "duration": 5,
                  "state": "passed",
                  "speed": "fast",
                  "pass": true,
                  "fail": false,
                  "pending": false,
                  "context": null,
                  "code": "sinon.spy(question, 'colorQuestion');\n// Simulate user prompts using lower-case a.\nquestion.promptUser();\nrl.write('a'+ENTER);\nexpect((question.colorQuestion)\n    .calledOnce).to.be.ok;",
                  "err": {},
                  "uuid": "65cabf0f-215f-4e7d-8acc-f423edf6dff9",
                  "parentUUID": "04645f76-752a-4414-b1fe-d259a63d1d45",
                  "isHook": false,
                  "skipped": false
                },
                {
                  "title": "Give \"b\" as answer to first question and check if sportQuestion is called.",
                  "fullTitle": "Start of the program Testing first question Give \"b\" as answer to first question and check if sportQuestion is called.",
                  "timedOut": false,
                  "duration": 3,
                  "state": "passed",
                  "speed": "fast",
                  "pass": true,
                  "fail": false,
                  "pending": false,
                  "context": null,
                  "code": "sinon.spy(question, 'sportQuestion');\n// Simulate user prompts using lower-case b.\nquestion.promptUser();\nrl.write('b'+ENTER);\nexpect((question.sportQuestion)\n    .calledOnce).to.be.ok;",
                  "err": {},
                  "uuid": "74a4e038-8efe-4ebb-a615-b4037aed302b",
                  "parentUUID": "04645f76-752a-4414-b1fe-d259a63d1d45",
                  "isHook": false,
                  "skipped": false
                },
                {
                  "title": "Give \"c\" as answer to first question and check if shutDown is called.",
                  "fullTitle": "Start of the program Testing first question Give \"c\" as answer to first question and check if shutDown is called.",
                  "timedOut": false,
                  "duration": 28,
                  "state": "passed",
                  "speed": "fast",
                  "pass": true,
                  "fail": false,
                  "pending": false,
                  "context": null,
                  "code": "sinon.spy(question, 'shutDown');\n// Simulate user prompts using lower-case c.\nquestion.promptUser();\nrl.write('c'+ENTER);\nexpect((question.shutDown)\n    .calledOnce).to.be.ok;",
                  "err": {},
                  "uuid": "c49ee3d7-afe1-4029-a07a-99b0f4812d11",
                  "parentUUID": "04645f76-752a-4414-b1fe-d259a63d1d45",
                  "isHook": false,
                  "skipped": false
                },
                {
                  "title": "Give \"h\" as answer to first question",
                  "fullTitle": "Start of the program Testing first question Give \"h\" as answer to first question",
                  "timedOut": false,
                  "duration": 2,
                  "state": "passed",
                  "speed": "fast",
                  "pass": true,
                  "fail": false,
                  "pending": false,
                  "context": null,
                  "code": "sinon.spy(question, 'displayMessage');\n// Simulate user prompts using lowercase h.\nquestion.promptUser();\nrl.write('h'+ENTER);\nexpect((question.displayMessage)\n    .calledWith('Please enter input option a, b or c, instead of','h','error'))\n    .to.be.ok;",
                  "err": {},
                  "uuid": "0685eecc-16bd-4053-a5b7-f5ce1898abc8",
                  "parentUUID": "04645f76-752a-4414-b1fe-d259a63d1d45",
                  "isHook": false,
                  "skipped": false
                },
                {
                  "title": "Give \"A\" as answer to first question",
                  "fullTitle": "Start of the program Testing first question Give \"A\" as answer to first question",
                  "timedOut": false,
                  "duration": 4,
                  "state": "passed",
                  "speed": "fast",
                  "pass": true,
                  "fail": false,
                  "pending": false,
                  "context": null,
                  "code": "sinon.spy(question, 'displayMessage');\n// Simulate user prompts using upper-case A.\nquestion.promptUser();\nrl.write('A'+ENTER);\nexpect((question.displayMessage)\n    .calledWith('Please enter input option a, b or c, instead of','A','error'))\n    .to.be.ok;",
                  "err": {},
                  "uuid": "1c99bf49-b285-4e12-8cf8-df8cda7b064a",
                  "parentUUID": "04645f76-752a-4414-b1fe-d259a63d1d45",
                  "isHook": false,
                  "skipped": false
                }
              ],
              "suites": [],
              "passes": [
                "e8e24930-64ae-409f-817c-9cabc1b623db",
                "65cabf0f-215f-4e7d-8acc-f423edf6dff9",
                "74a4e038-8efe-4ebb-a615-b4037aed302b",
                "c49ee3d7-afe1-4029-a07a-99b0f4812d11",
                "0685eecc-16bd-4053-a5b7-f5ce1898abc8",
                "1c99bf49-b285-4e12-8cf8-df8cda7b064a"
              ],
              "failures": [],
              "pending": [],
              "skipped": [],
              "duration": 114,
              "root": false,
              "rootEmpty": false,
              "_timeout": 2000
            },
            {
              "uuid": "cfc7a842-551f-4f13-9f97-9a3e36d1311d",
              "title": "Testing core functionalities: pick a color, sport question and shutdown",
              "fullFile": "/home/julia/vscode/Final-Assignment-Software-Testing/test.js",
              "file": "/test.js",
              "beforeHooks": [],
              "afterHooks": [],
              "tests": [
                {
                  "title": "Test color question with parameter yellow",
                  "fullTitle": "Start of the program Testing core functionalities: pick a color, sport question and shutdown Test color question with parameter yellow",
                  "timedOut": false,
                  "duration": 4,
                  "state": "passed",
                  "speed": "fast",
                  "pass": true,
                  "fail": false,
                  "pending": false,
                  "context": null,
                  "code": "sinon.spy(question, 'validate');\n// Test if colorQuestion calls validate with correct parameters. \nquestion.colorQuestion();\nrl.write('yellow\\x0D');\nrl.close();\nexpect((question.validate).calledWith('yellow', colorArray)).to.be.ok;",
                  "err": {},
                  "uuid": "2594d283-a10d-42a7-b670-d1d6f68e7cbc",
                  "parentUUID": "cfc7a842-551f-4f13-9f97-9a3e36d1311d",
                  "isHook": false,
                  "skipped": false
                },
                {
                  "title": "Test color question with parameter yelllow",
                  "fullTitle": "Start of the program Testing core functionalities: pick a color, sport question and shutdown Test color question with parameter yelllow",
                  "timedOut": false,
                  "duration": 2,
                  "state": "passed",
                  "speed": "fast",
                  "pass": true,
                  "fail": false,
                  "pending": false,
                  "context": null,
                  "code": "sinon.spy(question, 'displayMessage');\n// Test if colorQuestion calls validate with correct parameters. \nquestion.colorQuestion();\nrl.write('yelllow\\x0D');\nrl.close();\nexpect((question.displayMessage).calledWith('Enter correct color, not:','yelllow','error')).to.be.ok;",
                  "err": {},
                  "uuid": "86710c0f-35e6-4f31-ac46-82c2b34bfb11",
                  "parentUUID": "cfc7a842-551f-4f13-9f97-9a3e36d1311d",
                  "isHook": false,
                  "skipped": false
                },
                {
                  "title": "Test sport question with parameter baseball",
                  "fullTitle": "Start of the program Testing core functionalities: pick a color, sport question and shutdown Test sport question with parameter baseball",
                  "timedOut": false,
                  "duration": 3,
                  "state": "passed",
                  "speed": "fast",
                  "pass": true,
                  "fail": false,
                  "pending": false,
                  "context": null,
                  "code": "sinon.spy(question, 'displayMessage');\n// Test if sportQuestion calls displayMessage with correct parameters. \nquestion.sportQuestion();\nrl.write('baseball'+'\\x0D');\nexpect((question.displayMessage).calledWith('Your favorite sport:', 'baseball')).to.be.ok;",
                  "err": {},
                  "uuid": "9b7fc23d-f6b9-4509-bf1b-fcfbe90e4027",
                  "parentUUID": "cfc7a842-551f-4f13-9f97-9a3e36d1311d",
                  "isHook": false,
                  "skipped": false
                },
                {
                  "title": "Test shutdown function",
                  "fullTitle": "Start of the program Testing core functionalities: pick a color, sport question and shutdown Test shutdown function",
                  "timedOut": false,
                  "duration": 6,
                  "state": "passed",
                  "speed": "fast",
                  "pass": true,
                  "fail": false,
                  "pending": false,
                  "context": null,
                  "code": "sinon.spy(question, 'shutDown');\n// Test if shutDown function is called.\nquestion.promptUser();\nrl.write('c'+ENTER);\nexpect((question.shutDown).calledOnce).to.be.ok;",
                  "err": {},
                  "uuid": "ff27372a-c9b0-43f6-9f4e-51f8280187fd",
                  "parentUUID": "cfc7a842-551f-4f13-9f97-9a3e36d1311d",
                  "isHook": false,
                  "skipped": false
                }
              ],
              "suites": [],
              "passes": [
                "2594d283-a10d-42a7-b670-d1d6f68e7cbc",
                "86710c0f-35e6-4f31-ac46-82c2b34bfb11",
                "9b7fc23d-f6b9-4509-bf1b-fcfbe90e4027",
                "ff27372a-c9b0-43f6-9f4e-51f8280187fd"
              ],
              "failures": [],
              "pending": [],
              "skipped": [],
              "duration": 15,
              "root": false,
              "rootEmpty": false,
              "_timeout": 2000
            }
          ],
          "passes": [],
          "failures": [],
          "pending": [],
          "skipped": [],
          "duration": 0,
          "root": false,
          "rootEmpty": false,
          "_timeout": 2000
        }
      ],
      "passes": [],
      "failures": [],
      "pending": [],
      "skipped": [],
      "duration": 0,
      "root": true,
      "rootEmpty": true,
      "_timeout": 2000
    }
  ],
  "meta": {
    "mocha": {
      "version": "6.2.2"
    },
    "mochawesome": {
      "options": {
        "quiet": false,
        "reportFilename": "test_report",
        "saveHtml": true,
        "saveJson": true,
        "consoleReporter": "spec",
        "useInlineDiffs": false
      },
      "version": "4.1.0"
    },
    "marge": {
      "options": {
        "reportDir": "./report",
        "reportFilename": "test_report",
        "reportPageTitle": "Final Assignment - Software Testing"
      },
      "version": "4.0.1"
    }
  }
}