{
  "stats": {
    "suites": 2,
    "tests": 6,
    "passes": 6,
    "pending": 0,
    "failures": 0,
    "start": "2019-11-18T09:13:37.906Z",
    "end": "2019-11-18T09:13:38.014Z",
    "duration": 108,
    "testsRegistered": 6,
    "passPercent": 100,
    "pendingPercent": 0,
    "other": 0,
    "hasOther": false,
    "skipped": 0,
    "hasSkipped": false
  },
  "results": [
    {
      "uuid": "a775058c-c3df-42e6-9b10-2910d07680b7",
      "title": "",
      "fullFile": "",
      "file": "",
      "beforeHooks": [
        {
          "title": "\"before each\" hook",
          "fullTitle": "\"before each\" hook",
          "timedOut": false,
          "duration": 0,
          "state": null,
          "speed": null,
          "pass": false,
          "fail": false,
          "pending": false,
          "context": null,
          "code": "question = new Question();",
          "err": {},
          "uuid": "195f53a0-dec3-4fcc-babc-2a94029dc8bf",
          "parentUUID": "a775058c-c3df-42e6-9b10-2910d07680b7",
          "isHook": true,
          "skipped": false
        }
      ],
      "afterHooks": [],
      "tests": [],
      "suites": [
        {
          "uuid": "35a9a36b-91c1-4caf-88dd-a7addf4d65e7",
          "title": "Testing first question with two wrong answer",
          "fullFile": "/home/julia/vscode/Final-Assignment-Software-Testing/test.js",
          "file": "/test.js",
          "beforeHooks": [],
          "afterHooks": [],
          "tests": [
            {
              "title": "Give \"h\" as answer to first question",
              "fullTitle": "Testing first question with two wrong answer Give \"h\" as answer to first question",
              "timedOut": false,
              "duration": 10,
              "state": "passed",
              "speed": "fast",
              "pass": true,
              "fail": false,
              "pending": false,
              "context": null,
              "code": "question.promptUser();\nrl.write('h'+'\\x0D');\nquestion.displayMessage('Please enter input option a, b, c or d, instead of','h');\nexpect(console.log.calledWith('Please enter input option a, b, c or d, instead of h'));",
              "err": {},
              "uuid": "8a08abb4-8b3d-4a59-9ac7-12fde17cf669",
              "parentUUID": "35a9a36b-91c1-4caf-88dd-a7addf4d65e7",
              "isHook": false,
              "skipped": false
            },
            {
              "title": "Give \"A\" as answer to first question",
              "fullTitle": "Testing first question with two wrong answer Give \"A\" as answer to first question",
              "timedOut": false,
              "duration": 1,
              "state": "passed",
              "speed": "fast",
              "pass": true,
              "fail": false,
              "pending": false,
              "context": null,
              "code": "question.promptUser();\nrl.write('A'+'\\x0D');\nquestion.displayMessage('Please enter input option a, b, c or d, instead of','A');\nexpect(console.log.calledWith('Please enter input option a, b, c or d, instead of A'));",
              "err": {},
              "uuid": "567ded44-4dc6-4151-989f-f36a01f85b93",
              "parentUUID": "35a9a36b-91c1-4caf-88dd-a7addf4d65e7",
              "isHook": false,
              "skipped": false
            }
          ],
          "suites": [],
          "passes": [
            "8a08abb4-8b3d-4a59-9ac7-12fde17cf669",
            "567ded44-4dc6-4151-989f-f36a01f85b93"
          ],
          "failures": [],
          "pending": [],
          "skipped": [],
          "duration": 11,
          "root": false,
          "rootEmpty": false,
          "_timeout": 2000
        },
        {
          "uuid": "3500d27f-1ae9-473c-a3a9-6d642b65d8f8",
          "title": "Testing core functionalities",
          "fullFile": "/home/julia/vscode/Final-Assignment-Software-Testing/test.js",
          "file": "/test.js",
          "beforeHooks": [],
          "afterHooks": [],
          "tests": [
            {
              "title": "Give input of lower-case a and yellow as color",
              "fullTitle": "Testing core functionalities Give input of lower-case a and yellow as color",
              "timedOut": false,
              "duration": 28,
              "state": "passed",
              "speed": "fast",
              "pass": true,
              "fail": false,
              "pending": false,
              "context": null,
              "code": "question.promptUser();\nrl.write('a\\x0D');\nquestion.colorQuestion();\nrl.write('yellow\\x0D');\nexpect(console.log.calledWith('Your favorite color: yellow, what a beautiful color!\\n'));",
              "err": {},
              "uuid": "8a08ce56-0a51-4385-a985-2f3834a480d4",
              "parentUUID": "3500d27f-1ae9-473c-a3a9-6d642b65d8f8",
              "isHook": false,
              "skipped": false
            },
            {
              "title": "input of lower-case b and baseball as sport",
              "fullTitle": "Testing core functionalities input of lower-case b and baseball as sport",
              "timedOut": false,
              "duration": 4,
              "state": "passed",
              "speed": "fast",
              "pass": true,
              "fail": false,
              "pending": false,
              "context": null,
              "code": "question.promptUser();\nrl.write('b'+'\\x0D');\nquestion.sportQuestion();\nrl.write('baseball'+'\\x0D');\nexpect(console.log.calledWith('Your favorite sport: baseball'));",
              "err": {},
              "uuid": "b90ffb92-39a8-42d9-842d-9337fb2e0af7",
              "parentUUID": "3500d27f-1ae9-473c-a3a9-6d642b65d8f8",
              "isHook": false,
              "skipped": false
            },
            {
              "title": "input of lower-case c",
              "fullTitle": "Testing core functionalities input of lower-case c",
              "timedOut": false,
              "duration": 28,
              "state": "passed",
              "speed": "fast",
              "pass": true,
              "fail": false,
              "pending": false,
              "context": null,
              "code": "question.promptUser();\nrl.write('c'+'\\x0D');\nexpect(console.log.calledWith('Shutting down...\\nZzZzZz...'))",
              "err": {},
              "uuid": "0b4266e5-7973-451c-89d7-b550f1b9542e",
              "parentUUID": "3500d27f-1ae9-473c-a3a9-6d642b65d8f8",
              "isHook": false,
              "skipped": false
            },
            {
              "title": "input of lower-case d and display of color array",
              "fullTitle": "Testing core functionalities input of lower-case d and display of color array",
              "timedOut": false,
              "duration": 4,
              "state": "passed",
              "speed": "fast",
              "pass": true,
              "fail": false,
              "pending": false,
              "context": null,
              "code": "question.promptUser();\nrl.write('d'+'\\x0D');\nexpect(console.log.calledWith('black, red, green, yellow, blue, gray, magenta, cyan, white'));",
              "err": {},
              "uuid": "a98567c3-3a3d-4487-a13b-57fa886962e3",
              "parentUUID": "3500d27f-1ae9-473c-a3a9-6d642b65d8f8",
              "isHook": false,
              "skipped": false
            }
          ],
          "suites": [],
          "passes": [
            "8a08ce56-0a51-4385-a985-2f3834a480d4",
            "b90ffb92-39a8-42d9-842d-9337fb2e0af7",
            "0b4266e5-7973-451c-89d7-b550f1b9542e",
            "a98567c3-3a3d-4487-a13b-57fa886962e3"
          ],
          "failures": [],
          "pending": [],
          "skipped": [],
          "duration": 64,
          "root": false,
          "rootEmpty": false,
          "_timeout": 2000
        }
      ],
      "passes": [],
      "failures": [],
      "pending": [],
      "skipped": [],
      "duration": 0,
      "root": true,
      "rootEmpty": true,
      "_timeout": 2000
    }
  ],
  "meta": {
    "mocha": {
      "version": "6.2.2"
    },
    "mochawesome": {
      "options": {
        "quiet": false,
        "reportFilename": "test_report",
        "saveHtml": true,
        "saveJson": true,
        "consoleReporter": "spec",
        "useInlineDiffs": false
      },
      "version": "4.1.0"
    },
    "marge": {
      "options": {
        "reportDir": "./report",
        "reportFilename": "test_report",
        "autoOpen": "true",
        "reportPageTitle": "Final Assignment - Software Testing"
      },
      "version": "4.0.1"
    }
  }
}