{
  "stats": {
    "suites": 2,
    "tests": 6,
    "passes": 6,
    "pending": 0,
    "failures": 0,
    "start": "2019-11-18T08:22:44.351Z",
    "end": "2019-11-18T08:22:44.464Z",
    "duration": 113,
    "testsRegistered": 6,
    "passPercent": 100,
    "pendingPercent": 0,
    "other": 0,
    "hasOther": false,
    "skipped": 0,
    "hasSkipped": false
  },
  "results": [
    {
      "uuid": "c3b34d1a-7613-4efe-9792-ae3623998800",
      "title": "",
      "fullFile": "",
      "file": "",
      "beforeHooks": [
        {
          "title": "\"before each\" hook",
          "fullTitle": "\"before each\" hook",
          "timedOut": false,
          "duration": 0,
          "state": null,
          "speed": null,
          "pass": false,
          "fail": false,
          "pending": false,
          "context": null,
          "code": "question = new Question();",
          "err": {},
          "uuid": "95ba9d38-97db-4aee-9dda-5cbe727476d3",
          "parentUUID": "c3b34d1a-7613-4efe-9792-ae3623998800",
          "isHook": true,
          "skipped": false
        }
      ],
      "afterHooks": [],
      "tests": [],
      "suites": [
        {
          "uuid": "032a861c-e4ae-40f6-94de-e03d77660f00",
          "title": "Testing first question with two wrong answer",
          "fullFile": "/home/julia/vscode/Final-Assignment-Software-Testing/test.js",
          "file": "/test.js",
          "beforeHooks": [],
          "afterHooks": [],
          "tests": [
            {
              "title": "Give \"h\" as answer to first question",
              "fullTitle": "Testing first question with two wrong answer Give \"h\" as answer to first question",
              "timedOut": false,
              "duration": 13,
              "state": "passed",
              "speed": "fast",
              "pass": true,
              "fail": false,
              "pending": false,
              "context": null,
              "code": "question.promptUser();\nrl.write('h'+'\\x0D');\nquestion.displayMessage('Please enter input option a, b, c or d, instead of','h');\nexpect(console.log.calledWith('Please enter input option a, b, c or d, instead of h'));",
              "err": {},
              "uuid": "65b5b194-e433-48d9-b9ff-53c25577b7a6",
              "parentUUID": "032a861c-e4ae-40f6-94de-e03d77660f00",
              "isHook": false,
              "skipped": false
            },
            {
              "title": "Give \"A\" as answer to first question",
              "fullTitle": "Testing first question with two wrong answer Give \"A\" as answer to first question",
              "timedOut": false,
              "duration": 2,
              "state": "passed",
              "speed": "fast",
              "pass": true,
              "fail": false,
              "pending": false,
              "context": null,
              "code": "question.promptUser();\nrl.write('A'+'\\x0D');\nquestion.displayMessage('Please enter input option a, b, c or d, instead of','A');\nexpect(console.log.calledWith('Please enter input option a, b, c or d, instead of A'));",
              "err": {},
              "uuid": "7ddbd15c-8547-4a12-996a-151c9f44501d",
              "parentUUID": "032a861c-e4ae-40f6-94de-e03d77660f00",
              "isHook": false,
              "skipped": false
            }
          ],
          "suites": [],
          "passes": [
            "65b5b194-e433-48d9-b9ff-53c25577b7a6",
            "7ddbd15c-8547-4a12-996a-151c9f44501d"
          ],
          "failures": [],
          "pending": [],
          "skipped": [],
          "duration": 15,
          "root": false,
          "rootEmpty": false,
          "_timeout": 2000
        },
        {
          "uuid": "ef3427f3-a20c-4e93-99da-b7c1231dc343",
          "title": "Testing core functionalities",
          "fullFile": "/home/julia/vscode/Final-Assignment-Software-Testing/test.js",
          "file": "/test.js",
          "beforeHooks": [],
          "afterHooks": [],
          "tests": [
            {
              "title": "Give input of lower-case a and yellow as color",
              "fullTitle": "Testing core functionalities Give input of lower-case a and yellow as color",
              "timedOut": false,
              "duration": 24,
              "state": "passed",
              "speed": "fast",
              "pass": true,
              "fail": false,
              "pending": false,
              "context": null,
              "code": "question.promptUser();\nrl.write('a\\x0D');\nquestion.colorQuestion();\nrl.write('yellow\\x0D');\nexpect(console.log.calledWith('Your favorite color: yellow, what a beautiful color!\\n'));",
              "err": {},
              "uuid": "23d6d391-334b-49ff-8982-dde4f4e1c34c",
              "parentUUID": "ef3427f3-a20c-4e93-99da-b7c1231dc343",
              "isHook": false,
              "skipped": false
            },
            {
              "title": "input of lower-case b and baseball as sport",
              "fullTitle": "Testing core functionalities input of lower-case b and baseball as sport",
              "timedOut": false,
              "duration": 5,
              "state": "passed",
              "speed": "fast",
              "pass": true,
              "fail": false,
              "pending": false,
              "context": null,
              "code": "question.promptUser();\nrl.write('b'+'\\x0D');\nquestion.sportQuestion();\nrl.write('baseball'+'\\x0D');\nexpect(console.log.calledWith('Your favorite sport: baseball'));",
              "err": {},
              "uuid": "935435bd-6bb1-4e1e-92ca-e919475fff8e",
              "parentUUID": "ef3427f3-a20c-4e93-99da-b7c1231dc343",
              "isHook": false,
              "skipped": false
            },
            {
              "title": "input of lower-case c",
              "fullTitle": "Testing core functionalities input of lower-case c",
              "timedOut": false,
              "duration": 24,
              "state": "passed",
              "speed": "fast",
              "pass": true,
              "fail": false,
              "pending": false,
              "context": null,
              "code": "question.promptUser();\nrl.write('c'+'\\x0D');\nexpect(console.log.calledWith('Shutting down...\\nZzZzZz...'))",
              "err": {},
              "uuid": "deb520a8-6073-4e1a-979b-5cc85b70a6f8",
              "parentUUID": "ef3427f3-a20c-4e93-99da-b7c1231dc343",
              "isHook": false,
              "skipped": false
            },
            {
              "title": "input of lower-case d and display of color array",
              "fullTitle": "Testing core functionalities input of lower-case d and display of color array",
              "timedOut": false,
              "duration": 4,
              "state": "passed",
              "speed": "fast",
              "pass": true,
              "fail": false,
              "pending": false,
              "context": null,
              "code": "question.promptUser();\nrl.write('d'+'\\x0D');\nexpect(console.log.calledWith('black, red, green, yellow, blue, gray, magenta, cyan, white'));",
              "err": {},
              "uuid": "3a7b1cfb-95ea-494a-bdc9-9a69fdca304d",
              "parentUUID": "ef3427f3-a20c-4e93-99da-b7c1231dc343",
              "isHook": false,
              "skipped": false
            }
          ],
          "suites": [],
          "passes": [
            "23d6d391-334b-49ff-8982-dde4f4e1c34c",
            "935435bd-6bb1-4e1e-92ca-e919475fff8e",
            "deb520a8-6073-4e1a-979b-5cc85b70a6f8",
            "3a7b1cfb-95ea-494a-bdc9-9a69fdca304d"
          ],
          "failures": [],
          "pending": [],
          "skipped": [],
          "duration": 57,
          "root": false,
          "rootEmpty": false,
          "_timeout": 2000
        }
      ],
      "passes": [],
      "failures": [],
      "pending": [],
      "skipped": [],
      "duration": 0,
      "root": true,
      "rootEmpty": true,
      "_timeout": 2000
    }
  ],
  "meta": {
    "mocha": {
      "version": "6.2.2"
    },
    "mochawesome": {
      "options": {
        "quiet": false,
        "reportFilename": "mochawesome",
        "saveHtml": true,
        "saveJson": true,
        "consoleReporter": "spec",
        "useInlineDiffs": false
      },
      "version": "4.1.0"
    },
    "marge": {
      "options": null,
      "version": "4.0.1"
    }
  }
}