{
  "stats": {
    "suites": 3,
    "tests": 6,
    "passes": 6,
    "pending": 0,
    "failures": 0,
    "start": "2019-11-18T06:55:37.258Z",
    "end": "2019-11-18T06:55:37.378Z",
    "duration": 120,
    "testsRegistered": 6,
    "passPercent": 100,
    "pendingPercent": 0,
    "other": 0,
    "hasOther": false,
    "skipped": 0,
    "hasSkipped": false
  },
  "results": [
    {
      "uuid": "16394019-210b-4dc1-8ed3-68bb95dbf3cb",
      "title": "",
      "fullFile": "",
      "file": "",
      "beforeHooks": [],
      "afterHooks": [],
      "tests": [],
      "suites": [
        {
          "uuid": "acc612ac-eeb7-49be-82ac-608dbbddf0f8",
          "title": "Tests for console application",
          "fullFile": "/home/julia/vscode/Final-Assignment-Software-Testing/test.js",
          "file": "/test.js",
          "beforeHooks": [],
          "afterHooks": [],
          "tests": [],
          "suites": [
            {
              "uuid": "8fdb24a4-ed3b-464d-acb3-4d9f9a0e4047",
              "title": "Testing first question with wrong answer",
              "fullFile": "/home/julia/vscode/Final-Assignment-Software-Testing/test.js",
              "file": "/test.js",
              "beforeHooks": [],
              "afterHooks": [],
              "tests": [
                {
                  "title": "given wrong option",
                  "fullTitle": "Tests for console application Testing first question with wrong answer given wrong option",
                  "timedOut": false,
                  "duration": 10,
                  "state": "passed",
                  "speed": "fast",
                  "pass": true,
                  "fail": false,
                  "pending": false,
                  "context": null,
                  "code": "question.promptUser();\nrl.write('h'+'\\x0D');\nquestion.displayMessage('Please enter input option a, b, c or d, instead of','h');\nexpect(console.log.calledWith('Please enter input option a, b, c or d, instead of h'));",
                  "err": {},
                  "uuid": "260a6540-f264-4e53-8d0f-93369236c1a5",
                  "parentUUID": "8fdb24a4-ed3b-464d-acb3-4d9f9a0e4047",
                  "isHook": false,
                  "skipped": false
                },
                {
                  "title": "given option in upper-case",
                  "fullTitle": "Tests for console application Testing first question with wrong answer given option in upper-case",
                  "timedOut": false,
                  "duration": 2,
                  "state": "passed",
                  "speed": "fast",
                  "pass": true,
                  "fail": false,
                  "pending": false,
                  "context": null,
                  "code": "question.promptUser();\nrl.write('A'+'\\x0D');\nquestion.displayMessage('Please enter input option a, b, c or d, instead of','A');\nexpect(console.log.calledWith('Please enter input option a, b, c or d, instead of A'));",
                  "err": {},
                  "uuid": "9168fa3e-61c9-4eea-a108-b5acbec054ad",
                  "parentUUID": "8fdb24a4-ed3b-464d-acb3-4d9f9a0e4047",
                  "isHook": false,
                  "skipped": false
                }
              ],
              "suites": [],
              "passes": [
                "260a6540-f264-4e53-8d0f-93369236c1a5",
                "9168fa3e-61c9-4eea-a108-b5acbec054ad"
              ],
              "failures": [],
              "pending": [],
              "skipped": [],
              "duration": 12,
              "root": false,
              "rootEmpty": false,
              "_timeout": 2000
            },
            {
              "uuid": "4aed5469-a4a6-467b-b43d-9b1c945d2cec",
              "title": "Testing core functionalities",
              "fullFile": "/home/julia/vscode/Final-Assignment-Software-Testing/test.js",
              "file": "/test.js",
              "beforeHooks": [],
              "afterHooks": [],
              "tests": [
                {
                  "title": "input of lower-case a and yellow as color",
                  "fullTitle": "Tests for console application Testing core functionalities input of lower-case a and yellow as color",
                  "timedOut": false,
                  "duration": 51,
                  "state": "passed",
                  "speed": "medium",
                  "pass": true,
                  "fail": false,
                  "pending": false,
                  "context": null,
                  "code": "question.promptUser();\nrl.write('a'+'\\x0D');\nquestion.colorQuestion();\nrl.write('yellow'+'\\x0D');\nquestion.validate('yellow', colorArray);\nexpect(console.log.calledWith('Your favorite color: yellow, what a beautiful color!\\n'));",
                  "err": {},
                  "uuid": "0ef9d6e5-2e67-4bca-8db7-44da3e303142",
                  "parentUUID": "4aed5469-a4a6-467b-b43d-9b1c945d2cec",
                  "isHook": false,
                  "skipped": false
                },
                {
                  "title": "input of lower-case b and baseball as sport",
                  "fullTitle": "Tests for console application Testing core functionalities input of lower-case b and baseball as sport",
                  "timedOut": false,
                  "duration": 2,
                  "state": "passed",
                  "speed": "fast",
                  "pass": true,
                  "fail": false,
                  "pending": false,
                  "context": null,
                  "code": "question.promptUser();\nrl.write('b'+'\\x0D');\nquestion.sportQuestion();\nrl.write('baseball'+'\\x0D');\nquestion.displayMessage('Your favorite sport:', 'baseball')\nexpect(console.log.calledWith('Your favorite sport: baseball'));",
                  "err": {},
                  "uuid": "469ce9e5-31df-47ab-b02e-5f3e4562d435",
                  "parentUUID": "4aed5469-a4a6-467b-b43d-9b1c945d2cec",
                  "isHook": false,
                  "skipped": false
                },
                {
                  "title": "input of lower-case c",
                  "fullTitle": "Tests for console application Testing core functionalities input of lower-case c",
                  "timedOut": false,
                  "duration": 29,
                  "state": "passed",
                  "speed": "fast",
                  "pass": true,
                  "fail": false,
                  "pending": false,
                  "context": null,
                  "code": "question.promptUser();\nrl.write('c'+'\\x0D');\nquestion.shutDown();\nexpect(console.log.calledWith('Shutting down...\\nZzZzZz...'))",
                  "err": {},
                  "uuid": "54df8196-85bd-4673-813a-9ded3d278820",
                  "parentUUID": "4aed5469-a4a6-467b-b43d-9b1c945d2cec",
                  "isHook": false,
                  "skipped": false
                },
                {
                  "title": "input of lower-case d and display of color array",
                  "fullTitle": "Tests for console application Testing core functionalities input of lower-case d and display of color array",
                  "timedOut": false,
                  "duration": 3,
                  "state": "passed",
                  "speed": "fast",
                  "pass": true,
                  "fail": false,
                  "pending": false,
                  "context": null,
                  "code": "question.promptUser();\nrl.write('d'+'\\x0D');\nquestion.displayArray(colorArray);\nexpect(console.log.calledWith('black, red, green, yellow, blue, gray, magenta, cyan, white'));",
                  "err": {},
                  "uuid": "7b686833-be7f-4afe-be32-c4361e6f34cc",
                  "parentUUID": "4aed5469-a4a6-467b-b43d-9b1c945d2cec",
                  "isHook": false,
                  "skipped": false
                }
              ],
              "suites": [],
              "passes": [
                "0ef9d6e5-2e67-4bca-8db7-44da3e303142",
                "469ce9e5-31df-47ab-b02e-5f3e4562d435",
                "54df8196-85bd-4673-813a-9ded3d278820",
                "7b686833-be7f-4afe-be32-c4361e6f34cc"
              ],
              "failures": [],
              "pending": [],
              "skipped": [],
              "duration": 85,
              "root": false,
              "rootEmpty": false,
              "_timeout": 2000
            }
          ],
          "passes": [],
          "failures": [],
          "pending": [],
          "skipped": [],
          "duration": 0,
          "root": false,
          "rootEmpty": false,
          "_timeout": 2000
        }
      ],
      "passes": [],
      "failures": [],
      "pending": [],
      "skipped": [],
      "duration": 0,
      "root": true,
      "rootEmpty": true,
      "_timeout": 2000
    }
  ],
  "meta": {
    "mocha": {
      "version": "6.2.2"
    },
    "mochawesome": {
      "options": {
        "quiet": false,
        "reportFilename": "mochawesome",
        "saveHtml": true,
        "saveJson": true,
        "consoleReporter": "spec",
        "useInlineDiffs": false
      },
      "version": "4.1.0"
    },
    "marge": {
      "options": null,
      "version": "4.0.1"
    }
  }
}